[debug] [2026-07-18T19:01:06.453Z] ----------------------------------------------------------------------
[debug] [2026-07-18T19:01:06.457Z] Command:       C:\Program Files\nodejs\node.exe C:\Users\ShubhamSeth\AppData\Roaming\npm\node_modules\firebase-tools\lib\bin\firebase.js deploy --debug
[debug] [2026-07-18T19:01:06.458Z] CLI Version:   15.24.0
[debug] [2026-07-18T19:01:06.458Z] Platform:      win32
[debug] [2026-07-18T19:01:06.458Z] Node Version:  v24.13.0
[debug] [2026-07-18T19:01:06.459Z] Detected Agent: unknown
[debug] [2026-07-18T19:01:06.459Z] Time:          Sun Jul 19 2026 00:31:06 GMT+0530 (India Standard Time)
[debug] [2026-07-18T19:01:06.459Z] ----------------------------------------------------------------------
[debug] 
[debug] [2026-07-18T19:01:15.307Z] > command requires scopes: ["email","openid","https://www.googleapis.com/auth/cloudplatformprojects.readonly","https://www.googleapis.com/auth/firebase","https://www.googleapis.com/auth/cloud-platform"]
[debug] [2026-07-18T19:01:15.307Z] > authorizing via signed-in user (shubhamsth1234@gmail.com)
[debug] [2026-07-18T19:01:15.308Z] [iam] checking project ng-routing-angular-deployment for permissions ["firebase.projects.get","firebasehosting.sites.update"]
[debug] [2026-07-18T19:01:15.327Z] Checked if tokens are valid: true, expires at: 1784404309883
[debug] [2026-07-18T19:01:15.328Z] Checked if tokens are valid: true, expires at: 1784404309883
[debug] [2026-07-18T19:01:15.329Z] >>> [apiv2][query] POST https://cloudresourcemanager.googleapis.com/v1/projects/ng-routing-angular-deployment:testIamPermissions [none]
[debug] [2026-07-18T19:01:15.330Z] >>> [apiv2][(partial)header] POST https://cloudresourcemanager.googleapis.com/v1/projects/ng-routing-angular-deployment:testIamPermissions  x-goog-user-project=ng-routing-angular-deployment
[debug] [2026-07-18T19:01:15.330Z] >>> [apiv2][body] POST https://cloudresourcemanager.googleapis.com/v1/projects/ng-routing-angular-deployment:testIamPermissions {"permissions":["firebase.projects.get","firebasehosting.sites.update"]}
[debug] [2026-07-18T19:01:16.824Z] <<< [apiv2][status] POST https://cloudresourcemanager.googleapis.com/v1/projects/ng-routing-angular-deployment:testIamPermissions 200
[debug] [2026-07-18T19:01:16.825Z] <<< [apiv2][body] POST https://cloudresourcemanager.googleapis.com/v1/projects/ng-routing-angular-deployment:testIamPermissions {"permissions":["firebase.projects.get","firebasehosting.sites.update"]}
[debug] [2026-07-18T19:01:16.827Z] Checked if tokens are valid: true, expires at: 1784404309883
[debug] [2026-07-18T19:01:16.827Z] Checked if tokens are valid: true, expires at: 1784404309883
[debug] [2026-07-18T19:01:16.828Z] >>> [apiv2][query] GET https://firebase.googleapis.com/v1beta1/projects/ng-routing-angular-deployment [none]
[debug] [2026-07-18T19:01:17.540Z] <<< [apiv2][status] GET https://firebase.googleapis.com/v1beta1/projects/ng-routing-angular-deployment 200
[debug] [2026-07-18T19:01:17.540Z] <<< [apiv2][body] GET https://firebase.googleapis.com/v1beta1/projects/ng-routing-angular-deployment {"projectId":"ng-routing-angular-deployment","projectNumber":"581083485080","displayName":"ng-routing-angular-deployment","name":"projects/ng-routing-angular-deployment","resources":{"hostingSite":"ng-routing-angular-deployment"},"state":"ACTIVE","labels":{"firebase":"enabled"},"etag":"1_cfeb37d6-37d5-4c5c-a814-b0dfe6921e77"}
[info] 
[info] === Deploying to 'ng-routing-angular-deployment'...
[info] 
[info] i  deploying hosting 
[debug] [2026-07-18T19:01:17.548Z] Checked if tokens are valid: true, expires at: 1784404309883
[debug] [2026-07-18T19:01:17.548Z] Checked if tokens are valid: true, expires at: 1784404309883
[debug] [2026-07-18T19:01:17.549Z] >>> [apiv2][query] GET https://firebasehosting.googleapis.com/v1beta1/projects/ng-routing-angular-deployment/sites/ng-routing-angular-deployment [none]
[debug] [2026-07-18T19:01:18.803Z] <<< [apiv2][status] GET https://firebasehosting.googleapis.com/v1beta1/projects/ng-routing-angular-deployment/sites/ng-routing-angular-deployment 200
[debug] [2026-07-18T19:01:18.804Z] <<< [apiv2][body] GET https://firebasehosting.googleapis.com/v1beta1/projects/ng-routing-angular-deployment/sites/ng-routing-angular-deployment {"name":"projects/ng-routing-angular-deployment/sites/ng-routing-angular-deployment","defaultUrl":"https://ng-routing-angular-deployment.web.app","type":"DEFAULT_SITE"}
[debug] [2026-07-18T19:01:18.811Z] Checked if tokens are valid: true, expires at: 1784404309883
[debug] [2026-07-18T19:01:18.812Z] Checked if tokens are valid: true, expires at: 1784404309883
[debug] [2026-07-18T19:01:18.814Z] >>> [apiv2][query] POST https://firebasehosting.googleapis.com/v1beta1/projects/-/sites/ng-routing-angular-deployment/versions [none]
[debug] [2026-07-18T19:01:18.814Z] >>> [apiv2][body] POST https://firebasehosting.googleapis.com/v1beta1/projects/-/sites/ng-routing-angular-deployment/versions {"status":"CREATED","labels":{"deployment-tool":"cli-firebase"}}
[debug] [2026-07-18T19:01:20.135Z] <<< [apiv2][status] POST https://firebasehosting.googleapis.com/v1beta1/projects/-/sites/ng-routing-angular-deployment/versions 200
[debug] [2026-07-18T19:01:20.135Z] <<< [apiv2][body] POST https://firebasehosting.googleapis.com/v1beta1/projects/-/sites/ng-routing-angular-deployment/versions {"name":"projects/581083485080/sites/ng-routing-angular-deployment/versions/869e5e04ae531b72","status":"CREATED","config":{},"labels":{"deployment-tool":"cli-firebase"}}
[info] i  hosting[ng-routing-angular-deployment]: beginning deploy... 
[info] i  hosting[ng-routing-angular-deployment]: found 14 files in dist/routing/browser 
[debug] [2026-07-18T19:01:20.155Z] [hosting] uploading with 200 concurrency
[debug] [2026-07-18T19:01:20.163Z] Checked if tokens are valid: true, expires at: 1784404309883
[debug] [2026-07-18T19:01:20.163Z] Checked if tokens are valid: true, expires at: 1784404309883
[debug] [2026-07-18T19:01:20.165Z] [hosting] hash cache [ZGlzdFxyb3V0aW5nXGJyb3dzZXI] stored for 14 files
[debug] [2026-07-18T19:01:20.166Z] [hosting][hash queue][FINAL] {"max":1,"min":0,"avg":1,"active":0,"complete":14,"success":14,"errored":0,"retried":0,"total":14,"elapsed":6}
[debug] [2026-07-18T19:01:20.167Z] >>> [apiv2][query] POST https://firebasehosting.googleapis.com/v1beta1/projects/581083485080/sites/ng-routing-angular-deployment/versions/869e5e04ae531b72:populateFiles [none]
[debug] [2026-07-18T19:01:20.167Z] >>> [apiv2][body] POST https://firebasehosting.googleapis.com/v1beta1/projects/581083485080/sites/ng-routing-angular-deployment/versions/869e5e04ae531b72:populateFiles {"files":{"/task-management-logo.png":"0f906f057799222b3a58402d091fea5b30006ef6a15546c05a04792d4362adf4","/styles-PH5QZW6A.css":"3b8bed72d0581afc88e1da9defcc8b492d37ba45cb860ad7b746ab0fabbd0b25","/polyfills-FFHMD2TL.js":"736494ba509ebe13a13ff57f0d4921ecfd9eb2ac4e8efe5d5fc1704b4b1d9b35","/main-4PLYOKAB.js":"fc59cca0eec6fb2c3a340d21d86f34f1297a9ebb0d94074f7aa96c557964b9a2","/index.html":"8724490a0c99367f836e216755f0e6ccf956d828f2c6e3c29fcb9878d191f930","/chunk-PLHF3Z62.js":"76f64a7577bb1ea46146f12f5e7bac38ff153310ba4ca99324df3184d4e1452b","/chunk-G3WJNMND.js":"6ea9e2c41010d5855211eae9793fbfcae7e16c9490c41b4152fb6f1162ba0d12","/404.html":"762bf484ba67404bd1a3b181546ea28d60dfddf18e9dd4795d8d25bcf3c1a890","/users/user-6.jpg":"09ff535dc3519ce73b63b9a5bcbe1595cf137dba6c2f2c8702a4031a5e691de1","/users/user-5.jpg":"2d7fa70188124fe314f5229497137a70a0abcfb711bb3caeabe7bbea6f3314f9","/users/user-4.jpg":"665e5a833f8538457bfc7a3739b680a37dad2e472ffdecadeb70397c351eaa30","/users/user-3.jpg":"b8a193fc5321ab546fcb374f1a50c232f9138f9569db5dea11846f100a1743ad","/users/user-2.jpg":"0f20ef0227331f9067b5748fadfd2a46b0c4a2918c7a1b0ba71a975f0e66bd5d","/users/user-1.jpg":"a5bf0cb98745119d73ea5866a607785667e49c1f39ff506d38da739b2ab53686"}}
[debug] [2026-07-18T19:01:21.055Z] <<< [apiv2][status] POST https://firebasehosting.googleapis.com/v1beta1/projects/581083485080/sites/ng-routing-angular-deployment/versions/869e5e04ae531b72:populateFiles 200
[debug] [2026-07-18T19:01:21.055Z] <<< [apiv2][body] POST https://firebasehosting.googleapis.com/v1beta1/projects/581083485080/sites/ng-routing-angular-deployment/versions/869e5e04ae531b72:populateFiles {"uploadUrl":"https://upload-firebasehosting.googleapis.com/upload/sites/ng-routing-angular-deployment/versions/869e5e04ae531b72/files"}
[debug] [2026-07-18T19:01:21.056Z] [hosting][populate queue][FINAL] {"max":893,"min":893,"avg":893,"active":0,"complete":1,"success":1,"errored":0,"retried":0,"total":1,"elapsed":893}
[debug] [2026-07-18T19:01:21.056Z] [hosting] uploads queued: 0
[debug] [2026-07-18T19:01:21.056Z] [hosting][upload queue][FINAL] {"max":0,"min":9999999999,"avg":0,"active":0,"complete":0,"success":0,"errored":0,"retried":0,"total":0,"elapsed":1784401281056}
[info] i  hosting: upload complete 
[info] +  hosting[ng-routing-angular-deployment]: file upload complete 
[debug] [2026-07-18T19:01:21.057Z] [hosting] deploy completed after 918ms
[debug] [2026-07-18T19:01:21.058Z] [
  {
    "config": {
      "public": "dist/routing/browser",
      "ignore": [
        "firebase.json",
        "**/.*",
        "**/node_modules/**"
      ],
      "rewrites": [
        {
          "source": "**",
          "destination": "/index.html"
        }
      ],
      "site": "ng-routing-angular-deployment"
    },
    "version": "projects/581083485080/sites/ng-routing-angular-deployment/versions/869e5e04ae531b72"
  }
]
[info] i  hosting[ng-routing-angular-deployment]: finalizing version... 
[debug] [2026-07-18T19:01:21.060Z] Checked if tokens are valid: true, expires at: 1784404309883
[debug] [2026-07-18T19:01:21.060Z] Checked if tokens are valid: true, expires at: 1784404309883
[debug] [2026-07-18T19:01:21.060Z] >>> [apiv2][query] PATCH https://firebasehosting.googleapis.com/v1beta1/projects/-/sites/ng-routing-angular-deployment/versions/869e5e04ae531b72 updateMask=status%2Cconfig
[debug] [2026-07-18T19:01:21.060Z] >>> [apiv2][body] PATCH https://firebasehosting.googleapis.com/v1beta1/projects/-/sites/ng-routing-angular-deployment/versions/869e5e04ae531b72 {"status":"FINALIZED","config":{"rewrites":[{"glob":"**","path":"/index.html"}]}}
[debug] [2026-07-18T19:01:22.183Z] <<< [apiv2][status] PATCH https://firebasehosting.googleapis.com/v1beta1/projects/-/sites/ng-routing-angular-deployment/versions/869e5e04ae531b72 200
[debug] [2026-07-18T19:01:22.183Z] <<< [apiv2][body] PATCH https://firebasehosting.googleapis.com/v1beta1/projects/-/sites/ng-routing-angular-deployment/versions/869e5e04ae531b72 {"name":"projects/581083485080/sites/ng-routing-angular-deployment/versions/869e5e04ae531b72","status":"FINALIZED","config":{"rewrites":[{"glob":"**","path":"/index.html"}]},"labels":{"deployment-tool":"cli-firebase"},"createTime":"2026-07-18T19:01:19.294529Z","createUser":{"email":"shubhamsth1234@gmail.com"},"finalizeTime":"2026-07-18T19:01:21.700964Z","finalizeUser":{"email":"shubhamsth1234@gmail.com"}}
[debug] [2026-07-18T19:01:22.183Z] [hosting] finalized version for ng-routing-angular-deployment:[object Object]
[info] +  hosting[ng-routing-angular-deployment]: version finalized 
[info] i  hosting[ng-routing-angular-deployment]: releasing new version... 
[debug] [2026-07-18T19:01:22.184Z] Checked if tokens are valid: true, expires at: 1784404309883
[debug] [2026-07-18T19:01:22.185Z] Checked if tokens are valid: true, expires at: 1784404309883
[debug] [2026-07-18T19:01:22.185Z] >>> [apiv2][query] POST https://firebasehosting.googleapis.com/v1beta1/projects/-/sites/ng-routing-angular-deployment/channels/live/releases versionName=projects%2F581083485080%2Fsites%2Fng-routing-angular-deployment%2Fversions%2F869e5e04ae531b72
[debug] [2026-07-18T19:01:22.185Z] >>> [apiv2][body] POST https://firebasehosting.googleapis.com/v1beta1/projects/-/sites/ng-routing-angular-deployment/channels/live/releases {}
[debug] [2026-07-18T19:01:23.042Z] <<< [apiv2][status] POST https://firebasehosting.googleapis.com/v1beta1/projects/-/sites/ng-routing-angular-deployment/channels/live/releases 200
[debug] [2026-07-18T19:01:23.043Z] <<< [apiv2][body] POST https://firebasehosting.googleapis.com/v1beta1/projects/-/sites/ng-routing-angular-deployment/channels/live/releases {"name":"projects/581083485080/sites/ng-routing-angular-deployment/channels/live/releases/1784401281954000","version":{"name":"projects/581083485080/sites/ng-routing-angular-deployment/versions/869e5e04ae531b72","status":"FINALIZED","config":{"rewrites":[{"glob":"**","path":"/index.html"}]},"labels":{"deployment-tool":"cli-firebase"},"createTime":"2026-07-18T19:01:19.294529Z","createUser":{"email":"shubhamsth1234@gmail.com","imageUrl":"https://lh3.googleusercontent.com/a/ACg8ocKZkNSr5zM1gKZs8NteLaZ3ClTBu2FFbkU7ZGsGKfbCpKKZpm-P"},"finalizeTime":"2026-07-18T19:01:21.700964Z","finalizeUser":{"email":"shubhamsth1234@gmail.com","imageUrl":"https://lh3.googleusercontent.com/a/ACg8ocKZkNSr5zM1gKZs8NteLaZ3ClTBu2FFbkU7ZGsGKfbCpKKZpm-P"}},"type":"DEPLOY","releaseTime":"2026-07-18T19:01:21.954Z","releaseUser":{"email":"shubhamsth1234@gmail.com","imageUrl":"https://lh3.googleusercontent.com/a/ACg8ocKZkNSr5zM1gKZs8NteLaZ3ClTBu2FFbkU7ZGsGKfbCpKKZpm-P"}}
[debug] [2026-07-18T19:01:23.043Z] [hosting] release: {"name":"projects/581083485080/sites/ng-routing-angular-deployment/channels/live/releases/1784401281954000","version":{"name":"projects/581083485080/sites/ng-routing-angular-deployment/versions/869e5e04ae531b72","status":"FINALIZED","config":{"rewrites":[{"glob":"**","path":"/index.html"}]},"labels":{"deployment-tool":"cli-firebase"},"createTime":"2026-07-18T19:01:19.294529Z","createUser":{"email":"shubhamsth1234@gmail.com","imageUrl":"https://lh3.googleusercontent.com/a/ACg8ocKZkNSr5zM1gKZs8NteLaZ3ClTBu2FFbkU7ZGsGKfbCpKKZpm-P"},"finalizeTime":"2026-07-18T19:01:21.700964Z","finalizeUser":{"email":"shubhamsth1234@gmail.com","imageUrl":"https://lh3.googleusercontent.com/a/ACg8ocKZkNSr5zM1gKZs8NteLaZ3ClTBu2FFbkU7ZGsGKfbCpKKZpm-P"}},"type":"DEPLOY","releaseTime":"2026-07-18T19:01:21.954Z","releaseUser":{"email":"shubhamsth1234@gmail.com","imageUrl":"https://lh3.googleusercontent.com/a/ACg8ocKZkNSr5zM1gKZs8NteLaZ3ClTBu2FFbkU7ZGsGKfbCpKKZpm-P"}}
[info] +  hosting[ng-routing-angular-deployment]: release complete 
[info] 
[info] +  Deploy complete! 
[info] 
[info] Project Console: https://console.firebase.google.com/project/ng-routing-angular-deployment/overview
[info] Hosting URL: https://ng-routing-angular-deployment.web.app
